[0.078s] DEBUG:colcon:Command line arguments: ['/usr/bin/colcon', 'build']
[0.079s] DEBUG:colcon:Parsed command line arguments: Namespace(log_base=None, log_level=None, verb_name='build', build_base='build', install_base='install', merge_install=False, symlink_install=False, test_result_base=None, continue_on_error=False, executor='parallel', parallel_workers=8, event_handlers=None, ignore_user_meta=False, metas=['./colcon.meta'], base_paths=['.'], packages_ignore=None, packages_ignore_regex=None, paths=None, packages_up_to=None, packages_up_to_regex=None, packages_above=None, packages_above_and_dependencies=None, packages_above_depth=None, packages_select_by_dep=None, packages_skip_by_dep=None, packages_skip_up_to=None, packages_select_build_failed=False, packages_skip_build_finished=False, packages_select_test_failures=False, packages_skip_test_passed=False, packages_select=None, packages_skip=None, packages_select_regex=None, packages_skip_regex=None, packages_start=None, packages_end=None, allow_overriding=[], cmake_args=None, cmake_target=None, cmake_target_skip_unavailable=False, cmake_clean_cache=False, cmake_clean_first=False, cmake_force_configure=False, ament_cmake_args=None, catkin_cmake_args=None, catkin_skip_building_tests=False, verb_parser=<colcon_defaults.argument_parser.defaults.DefaultArgumentsDecorator object at 0x72c5ec545180>, verb_extension=<colcon_core.verb.build.BuildVerb object at 0x72c5ec544c40>, main=<bound method BuildVerb.main of <colcon_core.verb.build.BuildVerb object at 0x72c5ec544c40>>)
[0.213s] Level 1:colcon.colcon_core.package_discovery:discover_packages(colcon_meta) check parameters
[0.213s] Level 1:colcon.colcon_core.package_discovery:discover_packages(recursive) check parameters
[0.213s] Level 1:colcon.colcon_core.package_discovery:discover_packages(ignore) check parameters
[0.213s] Level 1:colcon.colcon_core.package_discovery:discover_packages(path) check parameters
[0.213s] Level 1:colcon.colcon_core.package_discovery:discover_packages(colcon_meta) discover
[0.213s] Level 1:colcon.colcon_core.package_discovery:discover_packages(recursive) discover
[0.213s] INFO:colcon.colcon_core.package_discovery:Crawling recursively for packages in '/home/isabelle/Documents/m6/github/ponderada-S5-M6'
[0.214s] Level 1:colcon.colcon_core.package_identification:_identify(.) by extensions ['ignore', 'ignore_ament_install']
[0.214s] Level 1:colcon.colcon_core.package_identification:_identify(.) by extension 'ignore'
[0.214s] Level 1:colcon.colcon_core.package_identification:_identify(.) by extension 'ignore_ament_install'
[0.214s] Level 1:colcon.colcon_core.package_identification:_identify(.) by extensions ['colcon_pkg']
[0.214s] Level 1:colcon.colcon_core.package_identification:_identify(.) by extension 'colcon_pkg'
[0.214s] Level 1:colcon.colcon_core.package_identification:_identify(.) by extensions ['colcon_meta']
[0.214s] Level 1:colcon.colcon_core.package_identification:_identify(.) by extension 'colcon_meta'
[0.214s] Level 1:colcon.colcon_core.package_identification:_identify(.) by extensions ['ros']
[0.214s] Level 1:colcon.colcon_core.package_identification:_identify(.) by extension 'ros'
[0.222s] Level 1:colcon.colcon_core.package_identification:_identify(.) by extensions ['cmake', 'python']
[0.222s] Level 1:colcon.colcon_core.package_identification:_identify(.) by extension 'cmake'
[0.222s] Level 1:colcon.colcon_core.package_identification:_identify(.) by extension 'python'
[0.222s] Level 1:colcon.colcon_core.package_identification:_identify(.) by extensions ['python_setup_py']
[0.223s] Level 1:colcon.colcon_core.package_identification:_identify(.) by extension 'python_setup_py'
[0.223s] Level 1:colcon.colcon_core.package_identification:_identify(build) by extensions ['ignore', 'ignore_ament_install']
[0.223s] Level 1:colcon.colcon_core.package_identification:_identify(build) by extension 'ignore'
[0.223s] Level 1:colcon.colcon_core.package_identification:_identify(build) ignored
[0.223s] Level 1:colcon.colcon_core.package_identification:_identify(install) by extensions ['ignore', 'ignore_ament_install']
[0.223s] Level 1:colcon.colcon_core.package_identification:_identify(install) by extension 'ignore'
[0.223s] Level 1:colcon.colcon_core.package_identification:_identify(install) ignored
[0.223s] Level 1:colcon.colcon_core.package_identification:_identify(log) by extensions ['ignore', 'ignore_ament_install']
[0.223s] Level 1:colcon.colcon_core.package_identification:_identify(log) by extension 'ignore'
[0.223s] Level 1:colcon.colcon_core.package_identification:_identify(log) ignored
[0.223s] Level 1:colcon.colcon_core.package_identification:_identify(workspace) by extensions ['ignore', 'ignore_ament_install']
[0.223s] Level 1:colcon.colcon_core.package_identification:_identify(workspace) by extension 'ignore'
[0.224s] Level 1:colcon.colcon_core.package_identification:_identify(workspace) by extension 'ignore_ament_install'
[0.224s] Level 1:colcon.colcon_core.package_identification:_identify(workspace) by extensions ['colcon_pkg']
[0.224s] Level 1:colcon.colcon_core.package_identification:_identify(workspace) by extension 'colcon_pkg'
[0.224s] Level 1:colcon.colcon_core.package_identification:_identify(workspace) by extensions ['colcon_meta']
[0.224s] Level 1:colcon.colcon_core.package_identification:_identify(workspace) by extension 'colcon_meta'
[0.224s] Level 1:colcon.colcon_core.package_identification:_identify(workspace) by extensions ['ros']
[0.224s] Level 1:colcon.colcon_core.package_identification:_identify(workspace) by extension 'ros'
[0.224s] Level 1:colcon.colcon_core.package_identification:_identify(workspace) by extensions ['cmake', 'python']
[0.224s] Level 1:colcon.colcon_core.package_identification:_identify(workspace) by extension 'cmake'
[0.224s] Level 1:colcon.colcon_core.package_identification:_identify(workspace) by extension 'python'
[0.224s] Level 1:colcon.colcon_core.package_identification:_identify(workspace) by extensions ['python_setup_py']
[0.224s] Level 1:colcon.colcon_core.package_identification:_identify(workspace) by extension 'python_setup_py'
[0.224s] Level 1:colcon.colcon_core.package_identification:_identify(workspace/build) by extensions ['ignore', 'ignore_ament_install']
[0.224s] Level 1:colcon.colcon_core.package_identification:_identify(workspace/build) by extension 'ignore'
[0.224s] Level 1:colcon.colcon_core.package_identification:_identify(workspace/build) ignored
[0.224s] Level 1:colcon.colcon_core.package_identification:_identify(workspace/install) by extensions ['ignore', 'ignore_ament_install']
[0.224s] Level 1:colcon.colcon_core.package_identification:_identify(workspace/install) by extension 'ignore'
[0.224s] Level 1:colcon.colcon_core.package_identification:_identify(workspace/install) ignored
[0.224s] Level 1:colcon.colcon_core.package_identification:_identify(workspace/log) by extensions ['ignore', 'ignore_ament_install']
[0.224s] Level 1:colcon.colcon_core.package_identification:_identify(workspace/log) by extension 'ignore'
[0.224s] Level 1:colcon.colcon_core.package_identification:_identify(workspace/log) ignored
[0.225s] Level 1:colcon.colcon_core.package_identification:_identify(workspace/src) by extensions ['ignore', 'ignore_ament_install']
[0.225s] Level 1:colcon.colcon_core.package_identification:_identify(workspace/src) by extension 'ignore'
[0.225s] Level 1:colcon.colcon_core.package_identification:_identify(workspace/src) by extension 'ignore_ament_install'
[0.225s] Level 1:colcon.colcon_core.package_identification:_identify(workspace/src) by extensions ['colcon_pkg']
[0.225s] Level 1:colcon.colcon_core.package_identification:_identify(workspace/src) by extension 'colcon_pkg'
[0.225s] Level 1:colcon.colcon_core.package_identification:_identify(workspace/src) by extensions ['colcon_meta']
[0.225s] Level 1:colcon.colcon_core.package_identification:_identify(workspace/src) by extension 'colcon_meta'
[0.225s] Level 1:colcon.colcon_core.package_identification:_identify(workspace/src) by extensions ['ros']
[0.225s] Level 1:colcon.colcon_core.package_identification:_identify(workspace/src) by extension 'ros'
[0.227s] DEBUG:colcon.colcon_core.package_identification:Package 'workspace/src' with type 'ros.ament_python' and name 'src'
[0.227s] Level 1:colcon.colcon_core.package_discovery:discover_packages(recursive) using defaults
[0.227s] Level 1:colcon.colcon_core.package_discovery:discover_packages(ignore) discover
[0.227s] Level 1:colcon.colcon_core.package_discovery:discover_packages(ignore) using defaults
[0.227s] Level 1:colcon.colcon_core.package_discovery:discover_packages(path) discover
[0.227s] Level 1:colcon.colcon_core.package_discovery:discover_packages(path) using defaults
[0.255s] Level 1:colcon.colcon_core.package_discovery:discover_packages(prefix_path) check parameters
[0.255s] Level 1:colcon.colcon_core.package_discovery:discover_packages(prefix_path) discover
[0.256s] DEBUG:colcon.colcon_installed_package_information.package_discovery:Found 1 installed packages in /home/isabelle/Documents/m6/github/ponderada-S5-M6/install
[0.256s] DEBUG:colcon.colcon_installed_package_information.package_discovery:Found 1 installed packages in /home/isabelle/Documents/m6/github/ponderada-S5-M6/workspace/install
[0.258s] DEBUG:colcon.colcon_installed_package_information.package_discovery:Found 390 installed packages in /opt/ros/humble
[0.259s] Level 1:colcon.colcon_core.package_discovery:discover_packages(prefix_path) using defaults
[0.293s] Level 5:colcon.colcon_core.verb:set package 'src' build argument 'cmake_args' from command line to 'None'
[0.293s] Level 5:colcon.colcon_core.verb:set package 'src' build argument 'cmake_target' from command line to 'None'
[0.293s] Level 5:colcon.colcon_core.verb:set package 'src' build argument 'cmake_target_skip_unavailable' from command line to 'False'
[0.293s] Level 5:colcon.colcon_core.verb:set package 'src' build argument 'cmake_clean_cache' from command line to 'False'
[0.293s] Level 5:colcon.colcon_core.verb:set package 'src' build argument 'cmake_clean_first' from command line to 'False'
[0.293s] Level 5:colcon.colcon_core.verb:set package 'src' build argument 'cmake_force_configure' from command line to 'False'
[0.293s] Level 5:colcon.colcon_core.verb:set package 'src' build argument 'ament_cmake_args' from command line to 'None'
[0.293s] Level 5:colcon.colcon_core.verb:set package 'src' build argument 'catkin_cmake_args' from command line to 'None'
[0.293s] Level 5:colcon.colcon_core.verb:set package 'src' build argument 'catkin_skip_building_tests' from command line to 'False'
[0.293s] DEBUG:colcon.colcon_core.verb:Building package 'src' with the following arguments: {'ament_cmake_args': None, 'build_base': '/home/isabelle/Documents/m6/github/ponderada-S5-M6/build/src', 'catkin_cmake_args': None, 'catkin_skip_building_tests': False, 'cmake_args': None, 'cmake_clean_cache': False, 'cmake_clean_first': False, 'cmake_force_configure': False, 'cmake_target': None, 'cmake_target_skip_unavailable': False, 'install_base': '/home/isabelle/Documents/m6/github/ponderada-S5-M6/install/src', 'merge_install': False, 'path': '/home/isabelle/Documents/m6/github/ponderada-S5-M6/workspace/src', 'symlink_install': False, 'test_result_base': None}
[0.293s] INFO:colcon.colcon_core.executor:Executing jobs using 'parallel' executor
[0.295s] DEBUG:colcon.colcon_parallel_executor.executor.parallel:run_until_complete
[0.295s] INFO:colcon.colcon_ros.task.ament_python.build:Building ROS package in '/home/isabelle/Documents/m6/github/ponderada-S5-M6/workspace/src' with build type 'ament_python'
[0.295s] Level 1:colcon.colcon_core.shell:create_environment_hook('src', 'ament_prefix_path')
[0.297s] INFO:colcon.colcon_core.plugin_system:Skipping extension 'colcon_core.shell.bat': Not used on non-Windows systems
[0.297s] INFO:colcon.colcon_core.shell:Creating environment hook '/home/isabelle/Documents/m6/github/ponderada-S5-M6/install/src/share/src/hook/ament_prefix_path.ps1'
[0.297s] INFO:colcon.colcon_core.shell:Creating environment descriptor '/home/isabelle/Documents/m6/github/ponderada-S5-M6/install/src/share/src/hook/ament_prefix_path.dsv'
[0.298s] INFO:colcon.colcon_core.shell:Creating environment hook '/home/isabelle/Documents/m6/github/ponderada-S5-M6/install/src/share/src/hook/ament_prefix_path.sh'
[0.298s] INFO:colcon.colcon_core.shell:Skip shell extension 'powershell' for command environment: Not usable outside of PowerShell
[0.298s] DEBUG:colcon.colcon_core.shell:Skip shell extension 'dsv' for command environment
[0.520s] INFO:colcon.colcon_core.task.python.build:Building Python package in '/home/isabelle/Documents/m6/github/ponderada-S5-M6/workspace/src'
[0.520s] INFO:colcon.colcon_core.shell:Skip shell extension 'powershell' for command environment: Not usable outside of PowerShell
[0.520s] DEBUG:colcon.colcon_core.shell:Skip shell extension 'dsv' for command environment
[0.825s] DEBUG:colcon.colcon_core.event_handler.log_command:Invoking command in '/home/isabelle/Documents/m6/github/ponderada-S5-M6/workspace/src': PYTHONPATH=/home/isabelle/Documents/m6/github/ponderada-S5-M6/build/src/prefix_override:/home/isabelle/Documents/m6/github/ponderada-S5-M6/install/src/lib/python3.10/site-packages:${PYTHONPATH} /usr/bin/python3 -W ignore:setup.py install is deprecated setup.py egg_info --egg-base ../../build/src build --build-base /home/isabelle/Documents/m6/github/ponderada-S5-M6/build/src/build install --record /home/isabelle/Documents/m6/github/ponderada-S5-M6/build/src/install.log --single-version-externally-managed install_data
[1.064s] DEBUG:colcon.colcon_core.event_handler.log_command:Invoked command in '/home/isabelle/Documents/m6/github/ponderada-S5-M6/workspace/src' returned '0': PYTHONPATH=/home/isabelle/Documents/m6/github/ponderada-S5-M6/build/src/prefix_override:/home/isabelle/Documents/m6/github/ponderada-S5-M6/install/src/lib/python3.10/site-packages:${PYTHONPATH} /usr/bin/python3 -W ignore:setup.py install is deprecated setup.py egg_info --egg-base ../../build/src build --build-base /home/isabelle/Documents/m6/github/ponderada-S5-M6/build/src/build install --record /home/isabelle/Documents/m6/github/ponderada-S5-M6/build/src/install.log --single-version-externally-managed install_data
[1.066s] Level 1:colcon.colcon_core.environment:checking '/home/isabelle/Documents/m6/github/ponderada-S5-M6/install/src' for CMake module files
[1.067s] Level 1:colcon.colcon_core.environment:checking '/home/isabelle/Documents/m6/github/ponderada-S5-M6/install/src' for CMake config files
[1.067s] Level 1:colcon.colcon_core.environment:checking '/home/isabelle/Documents/m6/github/ponderada-S5-M6/install/src/lib'
[1.067s] Level 1:colcon.colcon_core.environment:checking '/home/isabelle/Documents/m6/github/ponderada-S5-M6/install/src/bin'
[1.067s] Level 1:colcon.colcon_core.environment:checking '/home/isabelle/Documents/m6/github/ponderada-S5-M6/install/src/lib/pkgconfig/src.pc'
[1.068s] Level 1:colcon.colcon_core.environment:checking '/home/isabelle/Documents/m6/github/ponderada-S5-M6/install/src/lib/python3.10/site-packages'
[1.068s] Level 1:colcon.colcon_core.shell:create_environment_hook('src', 'pythonpath')
[1.068s] INFO:colcon.colcon_core.shell:Creating environment hook '/home/isabelle/Documents/m6/github/ponderada-S5-M6/install/src/share/src/hook/pythonpath.ps1'
[1.068s] INFO:colcon.colcon_core.shell:Creating environment descriptor '/home/isabelle/Documents/m6/github/ponderada-S5-M6/install/src/share/src/hook/pythonpath.dsv'
[1.068s] INFO:colcon.colcon_core.shell:Creating environment hook '/home/isabelle/Documents/m6/github/ponderada-S5-M6/install/src/share/src/hook/pythonpath.sh'
[1.069s] Level 1:colcon.colcon_core.environment:checking '/home/isabelle/Documents/m6/github/ponderada-S5-M6/install/src/bin'
[1.069s] Level 1:colcon.colcon_core.environment:create_environment_scripts_only(src)
[1.069s] INFO:colcon.colcon_core.shell:Creating package script '/home/isabelle/Documents/m6/github/ponderada-S5-M6/install/src/share/src/package.ps1'
[1.070s] INFO:colcon.colcon_core.shell:Creating package descriptor '/home/isabelle/Documents/m6/github/ponderada-S5-M6/install/src/share/src/package.dsv'
[1.070s] INFO:colcon.colcon_core.shell:Creating package script '/home/isabelle/Documents/m6/github/ponderada-S5-M6/install/src/share/src/package.sh'
[1.071s] INFO:colcon.colcon_core.shell:Creating package script '/home/isabelle/Documents/m6/github/ponderada-S5-M6/install/src/share/src/package.bash'
[1.071s] INFO:colcon.colcon_core.shell:Creating package script '/home/isabelle/Documents/m6/github/ponderada-S5-M6/install/src/share/src/package.zsh'
[1.072s] Level 1:colcon.colcon_core.environment:create_file_with_runtime_dependencies(/home/isabelle/Documents/m6/github/ponderada-S5-M6/install/src/share/colcon-core/packages/src)
[1.072s] DEBUG:colcon.colcon_parallel_executor.executor.parallel:closing loop
[1.072s] DEBUG:colcon.colcon_parallel_executor.executor.parallel:loop closed
[1.073s] DEBUG:colcon.colcon_parallel_executor.executor.parallel:run_until_complete finished with '0'
[1.073s] DEBUG:colcon.colcon_core.event_reactor:joining thread
[1.084s] INFO:colcon.colcon_core.plugin_system:Skipping extension 'colcon_notification.desktop_notification.terminal_notifier': Not used on non-Darwin systems
[1.084s] INFO:colcon.colcon_core.plugin_system:Skipping extension 'colcon_notification.desktop_notification.win32': Not used on non-Windows systems
[1.084s] INFO:colcon.colcon_notification.desktop_notification:Sending desktop notification using 'notify2'
[1.097s] DEBUG:colcon.colcon_core.event_reactor:joined thread
[1.097s] INFO:colcon.colcon_core.shell:Creating prefix script '/home/isabelle/Documents/m6/github/ponderada-S5-M6/install/local_setup.ps1'
[1.099s] INFO:colcon.colcon_core.shell:Creating prefix util module '/home/isabelle/Documents/m6/github/ponderada-S5-M6/install/_local_setup_util_ps1.py'
[1.100s] INFO:colcon.colcon_core.shell:Creating prefix chain script '/home/isabelle/Documents/m6/github/ponderada-S5-M6/install/setup.ps1'
[1.102s] INFO:colcon.colcon_core.shell:Creating prefix script '/home/isabelle/Documents/m6/github/ponderada-S5-M6/install/local_setup.sh'
[1.102s] INFO:colcon.colcon_core.shell:Creating prefix util module '/home/isabelle/Documents/m6/github/ponderada-S5-M6/install/_local_setup_util_sh.py'
[1.103s] INFO:colcon.colcon_core.shell:Creating prefix chain script '/home/isabelle/Documents/m6/github/ponderada-S5-M6/install/setup.sh'
[1.104s] INFO:colcon.colcon_core.shell:Creating prefix script '/home/isabelle/Documents/m6/github/ponderada-S5-M6/install/local_setup.bash'
[1.104s] INFO:colcon.colcon_core.shell:Creating prefix chain script '/home/isabelle/Documents/m6/github/ponderada-S5-M6/install/setup.bash'
[1.105s] INFO:colcon.colcon_core.shell:Creating prefix script '/home/isabelle/Documents/m6/github/ponderada-S5-M6/install/local_setup.zsh'
[1.106s] INFO:colcon.colcon_core.shell:Creating prefix chain script '/home/isabelle/Documents/m6/github/ponderada-S5-M6/install/setup.zsh'
