[0.549s] Invoking command in '/home/isabelle/Documents/m6/github/ponderada-S5-M6/src/workspace/src': PYTHONPATH=/home/isabelle/Documents/m6/github/ponderada-S5-M6/build/src/prefix_override:/home/isabelle/Documents/m6/github/ponderada-S5-M6/install/src/lib/python3.10/site-packages:${PYTHONPATH} /usr/bin/python3 -W ignore:setup.py install is deprecated setup.py egg_info --egg-base ../../../build/src build --build-base /home/isabelle/Documents/m6/github/ponderada-S5-M6/build/src/build install --record /home/isabelle/Documents/m6/github/ponderada-S5-M6/build/src/install.log --single-version-externally-managed install_data
[0.750s] running egg_info
[0.751s] writing ../../../build/src/src.egg-info/PKG-INFO
[0.751s] writing dependency_links to ../../../build/src/src.egg-info/dependency_links.txt
[0.751s] writing entry points to ../../../build/src/src.egg-info/entry_points.txt
[0.751s] writing requirements to ../../../build/src/src.egg-info/requires.txt
[0.751s] writing top-level names to ../../../build/src/src.egg-info/top_level.txt
[0.753s] reading manifest file '../../../build/src/src.egg-info/SOURCES.txt'
[0.753s] writing manifest file '../../../build/src/src.egg-info/SOURCES.txt'
[0.753s] running build
[0.754s] running build_py
[0.754s] running install
[0.754s] running install_lib
[0.755s] running install_data
[0.756s] running install_egg_info
[0.757s] removing '/home/isabelle/Documents/m6/github/ponderada-S5-M6/install/src/lib/python3.10/site-packages/src-0.0.0-py3.10.egg-info' (and everything under it)
[0.758s] Copying ../../../build/src/src.egg-info to /home/isabelle/Documents/m6/github/ponderada-S5-M6/install/src/lib/python3.10/site-packages/src-0.0.0-py3.10.egg-info
[0.758s] running install_scripts
[0.777s] Installing start_moving script to /home/isabelle/Documents/m6/github/ponderada-S5-M6/install/src/lib/src
[0.777s] writing list of installed files to '/home/isabelle/Documents/m6/github/ponderada-S5-M6/build/src/install.log'
[0.797s] Invoked command in '/home/isabelle/Documents/m6/github/ponderada-S5-M6/src/workspace/src' returned '0': PYTHONPATH=/home/isabelle/Documents/m6/github/ponderada-S5-M6/build/src/prefix_override:/home/isabelle/Documents/m6/github/ponderada-S5-M6/install/src/lib/python3.10/site-packages:${PYTHONPATH} /usr/bin/python3 -W ignore:setup.py install is deprecated setup.py egg_info --egg-base ../../../build/src build --build-base /home/isabelle/Documents/m6/github/ponderada-S5-M6/build/src/build install --record /home/isabelle/Documents/m6/github/ponderada-S5-M6/build/src/install.log --single-version-externally-managed install_data
