running egg_info
writing ../../../build/src/src.egg-info/PKG-INFO
writing dependency_links to ../../../build/src/src.egg-info/dependency_links.txt
writing entry points to ../../../build/src/src.egg-info/entry_points.txt
writing requirements to ../../../build/src/src.egg-info/requires.txt
writing top-level names to ../../../build/src/src.egg-info/top_level.txt
reading manifest file '../../../build/src/src.egg-info/SOURCES.txt'
writing manifest file '../../../build/src/src.egg-info/SOURCES.txt'
running build
running build_py
copying src/move.py -> /home/isabelle/Documents/m6/github/ponderada-S5-M6/build/src/build/lib/src
running install
running install_lib
copying /home/isabelle/Documents/m6/github/ponderada-S5-M6/build/src/build/lib/src/move.py -> /home/isabelle/Documents/m6/github/ponderada-S5-M6/install/src/lib/python3.10/site-packages/src
byte-compiling /home/isabelle/Documents/m6/github/ponderada-S5-M6/install/src/lib/python3.10/site-packages/src/move.py to move.cpython-310.pyc
running install_data
running install_egg_info
removing '/home/isabelle/Documents/m6/github/ponderada-S5-M6/install/src/lib/python3.10/site-packages/src-0.0.0-py3.10.egg-info' (and everything under it)
Copying ../../../build/src/src.egg-info to /home/isabelle/Documents/m6/github/ponderada-S5-M6/install/src/lib/python3.10/site-packages/src-0.0.0-py3.10.egg-info
running install_scripts
Installing start_moving script to /home/isabelle/Documents/m6/github/ponderada-S5-M6/install/src/lib/src
writing list of installed files to '/home/isabelle/Documents/m6/github/ponderada-S5-M6/build/src/install.log'
