[2.940s] Invoking command in '/home/isabelle/Documents/m6/github/ponderada-S5-M6/src/workspace/src': PYTHONPATH=/home/isabelle/Documents/m6/github/ponderada-S5-M6/build/src/prefix_override:/home/isabelle/Documents/m6/github/ponderada-S5-M6/install/src/lib/python3.10/site-packages:${PYTHONPATH} /usr/bin/python3 -W ignore:setup.py install is deprecated setup.py egg_info --egg-base ../../../build/src build --build-base /home/isabelle/Documents/m6/github/ponderada-S5-M6/build/src/build install --record /home/isabelle/Documents/m6/github/ponderada-S5-M6/build/src/install.log --single-version-externally-managed install_data
[3.178s] running egg_info
[3.179s] writing ../../../build/src/src.egg-info/PKG-INFO
[3.179s] writing dependency_links to ../../../build/src/src.egg-info/dependency_links.txt
[3.179s] writing entry points to ../../../build/src/src.egg-info/entry_points.txt
[3.179s] writing requirements to ../../../build/src/src.egg-info/requires.txt
[3.181s] writing top-level names to ../../../build/src/src.egg-info/top_level.txt
[3.183s] reading manifest file '../../../build/src/src.egg-info/SOURCES.txt'
[3.184s] writing manifest file '../../../build/src/src.egg-info/SOURCES.txt'
[3.184s] running build
[3.184s] running build_py
[3.185s] running install
[3.185s] running install_lib
[3.187s] running install_data
[3.187s] running install_egg_info
[3.189s] removing '/home/isabelle/Documents/m6/github/ponderada-S5-M6/install/src/lib/python3.10/site-packages/src-0.0.0-py3.10.egg-info' (and everything under it)
[3.189s] Copying ../../../build/src/src.egg-info to /home/isabelle/Documents/m6/github/ponderada-S5-M6/install/src/lib/python3.10/site-packages/src-0.0.0-py3.10.egg-info
[3.190s] running install_scripts
[3.210s] Installing start_moving script to /home/isabelle/Documents/m6/github/ponderada-S5-M6/install/src/lib/src
[3.210s] writing list of installed files to '/home/isabelle/Documents/m6/github/ponderada-S5-M6/build/src/install.log'
[3.236s] Invoked command in '/home/isabelle/Documents/m6/github/ponderada-S5-M6/src/workspace/src' returned '0': PYTHONPATH=/home/isabelle/Documents/m6/github/ponderada-S5-M6/build/src/prefix_override:/home/isabelle/Documents/m6/github/ponderada-S5-M6/install/src/lib/python3.10/site-packages:${PYTHONPATH} /usr/bin/python3 -W ignore:setup.py install is deprecated setup.py egg_info --egg-base ../../../build/src build --build-base /home/isabelle/Documents/m6/github/ponderada-S5-M6/build/src/build install --record /home/isabelle/Documents/m6/github/ponderada-S5-M6/build/src/install.log --single-version-externally-managed install_data
