running egg_info
creating ../../../build/src/src.egg-info
writing ../../../build/src/src.egg-info/PKG-INFO
writing dependency_links to ../../../build/src/src.egg-info/dependency_links.txt
writing entry points to ../../../build/src/src.egg-info/entry_points.txt
writing requirements to ../../../build/src/src.egg-info/requires.txt
writing top-level names to ../../../build/src/src.egg-info/top_level.txt
writing manifest file '../../../build/src/src.egg-info/SOURCES.txt'
reading manifest file '../../../build/src/src.egg-info/SOURCES.txt'
writing manifest file '../../../build/src/src.egg-info/SOURCES.txt'
running build
running build_py
creating /home/isabelle/Documents/m6/github/ponderada-S5-M6/build/src/build
creating /home/isabelle/Documents/m6/github/ponderada-S5-M6/build/src/build/lib
creating /home/isabelle/Documents/m6/github/ponderada-S5-M6/build/src/build/lib/src
copying src/__init__.py -> /home/isabelle/Documents/m6/github/ponderada-S5-M6/build/src/build/lib/src
copying src/move.py -> /home/isabelle/Documents/m6/github/ponderada-S5-M6/build/src/build/lib/src
running install
running install_lib
creating /home/isabelle/Documents/m6/github/ponderada-S5-M6/install/src/lib/python3.10/site-packages/src
copying /home/isabelle/Documents/m6/github/ponderada-S5-M6/build/src/build/lib/src/__init__.py -> /home/isabelle/Documents/m6/github/ponderada-S5-M6/install/src/lib/python3.10/site-packages/src
copying /home/isabelle/Documents/m6/github/ponderada-S5-M6/build/src/build/lib/src/move.py -> /home/isabelle/Documents/m6/github/ponderada-S5-M6/install/src/lib/python3.10/site-packages/src
byte-compiling /home/isabelle/Documents/m6/github/ponderada-S5-M6/install/src/lib/python3.10/site-packages/src/__init__.py to __init__.cpython-310.pyc
byte-compiling /home/isabelle/Documents/m6/github/ponderada-S5-M6/install/src/lib/python3.10/site-packages/src/move.py to move.cpython-310.pyc
running install_data
creating /home/isabelle/Documents/m6/github/ponderada-S5-M6/install/src/share/ament_index
creating /home/isabelle/Documents/m6/github/ponderada-S5-M6/install/src/share/ament_index/resource_index
creating /home/isabelle/Documents/m6/github/ponderada-S5-M6/install/src/share/ament_index/resource_index/packages
copying resource/src -> /home/isabelle/Documents/m6/github/ponderada-S5-M6/install/src/share/ament_index/resource_index/packages
copying package.xml -> /home/isabelle/Documents/m6/github/ponderada-S5-M6/install/src/share/src
running install_egg_info
Copying ../../../build/src/src.egg-info to /home/isabelle/Documents/m6/github/ponderada-S5-M6/install/src/lib/python3.10/site-packages/src-0.0.0-py3.10.egg-info
running install_scripts
Installing start_moving script to /home/isabelle/Documents/m6/github/ponderada-S5-M6/install/src/lib/src
writing list of installed files to '/home/isabelle/Documents/m6/github/ponderada-S5-M6/build/src/install.log'
