[2.562s] Invoking command in '/home/isabelle/Documents/m6/github/ponderada-S5-M6/src/workspace/src': PYTHONPATH=/home/isabelle/Documents/m6/github/ponderada-S5-M6/build/src/prefix_override:/home/isabelle/Documents/m6/github/ponderada-S5-M6/install/src/lib/python3.10/site-packages:${PYTHONPATH} /usr/bin/python3 -W ignore:setup.py install is deprecated setup.py egg_info --egg-base ../../../build/src build --build-base /home/isabelle/Documents/m6/github/ponderada-S5-M6/build/src/build install --record /home/isabelle/Documents/m6/github/ponderada-S5-M6/build/src/install.log --single-version-externally-managed install_data
[2.809s] running egg_info
[2.809s] creating ../../../build/src/src.egg-info
[2.810s] writing ../../../build/src/src.egg-info/PKG-INFO
[2.810s] writing dependency_links to ../../../build/src/src.egg-info/dependency_links.txt
[2.810s] writing entry points to ../../../build/src/src.egg-info/entry_points.txt
[2.810s] writing requirements to ../../../build/src/src.egg-info/requires.txt
[2.810s] writing top-level names to ../../../build/src/src.egg-info/top_level.txt
[2.810s] writing manifest file '../../../build/src/src.egg-info/SOURCES.txt'
[2.812s] reading manifest file '../../../build/src/src.egg-info/SOURCES.txt'
[2.813s] writing manifest file '../../../build/src/src.egg-info/SOURCES.txt'
[2.813s] running build
[2.813s] running build_py
[2.813s] creating /home/isabelle/Documents/m6/github/ponderada-S5-M6/build/src/build
[2.813s] creating /home/isabelle/Documents/m6/github/ponderada-S5-M6/build/src/build/lib
[2.813s] creating /home/isabelle/Documents/m6/github/ponderada-S5-M6/build/src/build/lib/src
[2.813s] copying src/__init__.py -> /home/isabelle/Documents/m6/github/ponderada-S5-M6/build/src/build/lib/src
[2.813s] copying src/move.py -> /home/isabelle/Documents/m6/github/ponderada-S5-M6/build/src/build/lib/src
[2.813s] running install
[2.814s] running install_lib
[2.815s] creating /home/isabelle/Documents/m6/github/ponderada-S5-M6/install/src/lib/python3.10/site-packages/src
[2.815s] copying /home/isabelle/Documents/m6/github/ponderada-S5-M6/build/src/build/lib/src/__init__.py -> /home/isabelle/Documents/m6/github/ponderada-S5-M6/install/src/lib/python3.10/site-packages/src
[2.815s] copying /home/isabelle/Documents/m6/github/ponderada-S5-M6/build/src/build/lib/src/move.py -> /home/isabelle/Documents/m6/github/ponderada-S5-M6/install/src/lib/python3.10/site-packages/src
[2.815s] byte-compiling /home/isabelle/Documents/m6/github/ponderada-S5-M6/install/src/lib/python3.10/site-packages/src/__init__.py to __init__.cpython-310.pyc
[2.815s] byte-compiling /home/isabelle/Documents/m6/github/ponderada-S5-M6/install/src/lib/python3.10/site-packages/src/move.py to move.cpython-310.pyc
[2.817s] running install_data
[2.817s] creating /home/isabelle/Documents/m6/github/ponderada-S5-M6/install/src/share/ament_index
[2.817s] creating /home/isabelle/Documents/m6/github/ponderada-S5-M6/install/src/share/ament_index/resource_index
[2.818s] creating /home/isabelle/Documents/m6/github/ponderada-S5-M6/install/src/share/ament_index/resource_index/packages
[2.818s] copying resource/src -> /home/isabelle/Documents/m6/github/ponderada-S5-M6/install/src/share/ament_index/resource_index/packages
[2.818s] copying package.xml -> /home/isabelle/Documents/m6/github/ponderada-S5-M6/install/src/share/src
[2.818s] running install_egg_info
[2.820s] Copying ../../../build/src/src.egg-info to /home/isabelle/Documents/m6/github/ponderada-S5-M6/install/src/lib/python3.10/site-packages/src-0.0.0-py3.10.egg-info
[2.820s] running install_scripts
[2.843s] Installing start_moving script to /home/isabelle/Documents/m6/github/ponderada-S5-M6/install/src/lib/src
[2.843s] writing list of installed files to '/home/isabelle/Documents/m6/github/ponderada-S5-M6/build/src/install.log'
[2.870s] Invoked command in '/home/isabelle/Documents/m6/github/ponderada-S5-M6/src/workspace/src' returned '0': PYTHONPATH=/home/isabelle/Documents/m6/github/ponderada-S5-M6/build/src/prefix_override:/home/isabelle/Documents/m6/github/ponderada-S5-M6/install/src/lib/python3.10/site-packages:${PYTHONPATH} /usr/bin/python3 -W ignore:setup.py install is deprecated setup.py egg_info --egg-base ../../../build/src build --build-base /home/isabelle/Documents/m6/github/ponderada-S5-M6/build/src/build install --record /home/isabelle/Documents/m6/github/ponderada-S5-M6/build/src/install.log --single-version-externally-managed install_data
